C:\Sergey Developments\C#\src\CSAuthorAngular2InASPNetCore\ClientApp\app\_model\RequestResult.js
C:\Sergey Developments\C#\src\CSAuthorAngular2InASPNetCore\ClientApp\app\_model\RequestResult.js.map
C:\Sergey Developments\C#\src\CSAuthorAngular2InASPNetCore\ClientApp\app\_services\auth.service.js
C:\Sergey Developments\C#\src\CSAuthorAngular2InASPNetCore\ClientApp\app\_services\auth.service.js.map
C:\Sergey Developments\C#\src\CSAuthorAngular2InASPNetCore\ClientApp\app\app.component.js
C:\Sergey Developments\C#\src\CSAuthorAngular2InASPNetCore\ClientApp\app\app.component.js.map
C:\Sergey Developments\C#\src\CSAuthorAngular2InASPNetCore\ClientApp\app\home\home.component.js
C:\Sergey Developments\C#\src\CSAuthorAngular2InASPNetCore\ClientApp\app\home\home.component.js.map
C:\Sergey Developments\C#\src\CSAuthorAngular2InASPNetCore\ClientApp\app\login\login.component.js
C:\Sergey Developments\C#\src\CSAuthorAngular2InASPNetCore\ClientApp\app\login\login.component.js.map
C:\Sergey Developments\C#\src\CSAuthorAngular2InASPNetCore\ClientApp\app\app.module.js
C:\Sergey Developments\C#\src\CSAuthorAngular2InASPNetCore\ClientApp\app\app.module.js.map
C:\Sergey Developments\C#\src\CSAuthorAngular2InASPNetCore\ClientApp\boot-client.js
C:\Sergey Developments\C#\src\CSAuthorAngular2InASPNetCore\ClientApp\boot-client.js.map
C:\Sergey Developments\C#\src\CSAuthorAngular2InASPNetCore\ClientApp\boot-server.js
C:\Sergey Developments\C#\src\CSAuthorAngular2InASPNetCore\ClientApp\boot-server.js.map
C:\Sergey Developments\C#\src\CSAuthorAngular2InASPNetCore\ClientApp\test\boot-tests.js
C:\Sergey Developments\C#\src\CSAuthorAngular2InASPNetCore\ClientApp\test\boot-tests.js.map
C:\Sergey Developments\C#\src\CSAuthorAngular2InASPNetCore\ClientApp\app\components\app.component.js
C:\Sergey Developments\C#\src\CSAuthorAngular2InASPNetCore\ClientApp\app\components\app.component.js.map
C:\Sergey Developments\C#\src\CSAuthorAngular2InASPNetCore\ClientApp\app\components\login\login.component.js
C:\Sergey Developments\C#\src\CSAuthorAngular2InASPNetCore\ClientApp\app\components\login\login.component.js.map
C:\Sergey Developments\C#\src\CSAuthorAngular2InASPNetCore\ClientApp\app\_model\RequestResult.js
C:\Sergey Developments\C#\src\CSAuthorAngular2InASPNetCore\ClientApp\app\_model\RequestResult.js.map
C:\Sergey Developments\C#\src\CSAuthorAngular2InASPNetCore\ClientApp\app\_services\auth.service.js
C:\Sergey Developments\C#\src\CSAuthorAngular2InASPNetCore\ClientApp\app\_services\auth.service.js.map
C:\Sergey Developments\C#\src\CSAuthorAngular2InASPNetCore\ClientApp\app\app.component.js
C:\Sergey Developments\C#\src\CSAuthorAngular2InASPNetCore\ClientApp\app\app.component.js.map
C:\Sergey Developments\C#\src\CSAuthorAngular2InASPNetCore\ClientApp\app\home\home.component.js
C:\Sergey Developments\C#\src\CSAuthorAngular2InASPNetCore\ClientApp\app\home\home.component.js.map
C:\Sergey Developments\C#\src\CSAuthorAngular2InASPNetCore\ClientApp\app\login\login.component.js
C:\Sergey Developments\C#\src\CSAuthorAngular2InASPNetCore\ClientApp\app\login\login.component.js.map
C:\Sergey Developments\C#\src\CSAuthorAngular2InASPNetCore\ClientApp\app\app.module.js
C:\Sergey Developments\C#\src\CSAuthorAngular2InASPNetCore\ClientApp\app\app.module.js.map
C:\Sergey Developments\C#\src\CSAuthorAngular2InASPNetCore\ClientApp\boot-client.js
C:\Sergey Developments\C#\src\CSAuthorAngular2InASPNetCore\ClientApp\boot-client.js.map
C:\Sergey Developments\C#\src\CSAuthorAngular2InASPNetCore\ClientApp\boot-server.js
C:\Sergey Developments\C#\src\CSAuthorAngular2InASPNetCore\ClientApp\boot-server.js.map
C:\Sergey Developments\C#\src\CSAuthorAngular2InASPNetCore\ClientApp\test\boot-tests.js
C:\Sergey Developments\C#\src\CSAuthorAngular2InASPNetCore\ClientApp\test\boot-tests.js.map
C:\Sergey Developments\C#\src\CSAuthorAngular2InASPNetCore\ClientApp\app\components\app.component.js
C:\Sergey Developments\C#\src\CSAuthorAngular2InASPNetCore\ClientApp\app\components\app.component.js.map
C:\Sergey Developments\C#\src\CSAuthorAngular2InASPNetCore\ClientApp\app\components\login\login.component.js
C:\Sergey Developments\C#\src\CSAuthorAngular2InASPNetCore\ClientApp\app\components\login\login.component.js.map
C:\Sergey Developments\C#\src\CSAuthorAngular2InASPNetCore\ClientApp\app\_model\RequestResult.js
C:\Sergey Developments\C#\src\CSAuthorAngular2InASPNetCore\ClientApp\app\_model\RequestResult.js.map
C:\Sergey Developments\C#\src\CSAuthorAngular2InASPNetCore\ClientApp\app\_services\auth.service.js
C:\Sergey Developments\C#\src\CSAuthorAngular2InASPNetCore\ClientApp\app\_services\auth.service.js.map
C:\Sergey Developments\C#\src\CSAuthorAngular2InASPNetCore\ClientApp\app\app.component.js
C:\Sergey Developments\C#\src\CSAuthorAngular2InASPNetCore\ClientApp\app\app.component.js.map
C:\Sergey Developments\C#\src\CSAuthorAngular2InASPNetCore\ClientApp\app\home\home.component.js
C:\Sergey Developments\C#\src\CSAuthorAngular2InASPNetCore\ClientApp\app\home\home.component.js.map
C:\Sergey Developments\C#\src\CSAuthorAngular2InASPNetCore\ClientApp\app\login\login.component.js
C:\Sergey Developments\C#\src\CSAuthorAngular2InASPNetCore\ClientApp\app\login\login.component.js.map
C:\Sergey Developments\C#\src\CSAuthorAngular2InASPNetCore\ClientApp\app\app.module.js
C:\Sergey Developments\C#\src\CSAuthorAngular2InASPNetCore\ClientApp\app\app.module.js.map
C:\Sergey Developments\C#\src\CSAuthorAngular2InASPNetCore\ClientApp\boot-client.js
C:\Sergey Developments\C#\src\CSAuthorAngular2InASPNetCore\ClientApp\boot-client.js.map
C:\Sergey Developments\C#\src\CSAuthorAngular2InASPNetCore\ClientApp\boot-server.js
C:\Sergey Developments\C#\src\CSAuthorAngular2InASPNetCore\ClientApp\boot-server.js.map
C:\Sergey Developments\C#\src\CSAuthorAngular2InASPNetCore\ClientApp\test\boot-tests.js
C:\Sergey Developments\C#\src\CSAuthorAngular2InASPNetCore\ClientApp\test\boot-tests.js.map
C:\Sergey Developments\C#\src\CSAuthorAngular2InASPNetCore\ClientApp\app\components\app.component.js
C:\Sergey Developments\C#\src\CSAuthorAngular2InASPNetCore\ClientApp\app\components\app.component.js.map
C:\Sergey Developments\C#\src\CSAuthorAngular2InASPNetCore\ClientApp\app\components\login\login.component.js
C:\Sergey Developments\C#\src\CSAuthorAngular2InASPNetCore\ClientApp\app\components\login\login.component.js.map
